<?xml version="1.0" encoding="utf-8"?><testsuites name="pytest tests"><testsuite name="pytest" errors="0" failures="0" skipped="0" tests="22" time="31.270" timestamp="2026-04-29T07:54:55.997362+00:00" hostname="agent-env-69d3c73e-8f16-4917-986e-2427134bc664"><testcase classname="tests.test_slack_webhook_resolution.TestHealthAndTickets" name="test_health" time="0.210" /><testcase classname="tests.test_slack_webhook_resolution.TestHealthAndTickets" name="test_list_tickets" time="0.047" /><testcase classname="tests.test_slack_webhook_resolution.TestHealthAndTickets" name="test_create_ticket_email_source" time="0.100" /><testcase classname="tests.test_slack_webhook_resolution.TestSlackEventsProtocol" name="test_url_verification" time="0.044" /><testcase classname="tests.test_slack_webhook_resolution.TestSlackEventsProtocol" name="test_retry_acked" time="0.045" /><testcase classname="tests.test_slack_webhook_resolution.TestSlackEventsProtocol" name="test_bot_id_ignored" time="0.050" /><testcase classname="tests.test_slack_webhook_resolution.TestSlackEventsProtocol" name="test_subtype_ignored[bot_message]" time="0.044" /><testcase classname="tests.test_slack_webhook_resolution.TestSlackEventsProtocol" name="test_subtype_ignored[message_changed]" time="0.045" /><testcase classname="tests.test_slack_webhook_resolution.TestSlackEventsProtocol" name="test_subtype_ignored[message_deleted]" time="0.043" /><testcase classname="tests.test_slack_webhook_resolution.TestSlackEventsProtocol" name="test_invalid_json" time="0.042" /><testcase classname="tests.test_slack_webhook_resolution.TestSlackMessageFilters" name="test_no_keyword_no_ticket" time="8.553" /><testcase classname="tests.test_slack_webhook_resolution.TestSlackMessageFilters" name="test_keyword_no_tag_no_ticket" time="8.049" /><testcase classname="tests.test_slack_webhook_resolution.TestSlackMessageFilters" name="test_thread_reply_skipped" time="8.554" /><testcase classname="tests.test_slack_webhook_resolution.TestSlackHappyPath" name="test_valid_message_creates_ticket" time="0.086" /><testcase classname="tests.test_slack_webhook_resolution.TestSlackHappyPath" name="test_duplicate_event_does_not_create_second_ticket" time="2.175" /><testcase classname="tests.test_slack_webhook_resolution.TestSlackHappyPath" name="test_keyword_variants_pass[NDR]" time="0.123" /><testcase classname="tests.test_slack_webhook_resolution.TestSlackHappyPath" name="test_keyword_variants_pass[RTO]" time="0.085" /><testcase classname="tests.test_slack_webhook_resolution.TestSlackHappyPath" name="test_keyword_variants_pass[shipment delay]" time="0.085" /><testcase classname="tests.test_slack_webhook_resolution.TestSlackReactionResolve" name="test_white_check_mark_resolves" time="0.183" /><testcase classname="tests.test_slack_webhook_resolution.TestSlackReactionResolve" name="test_non_tick_reaction_ignored" time="2.181" /><testcase classname="tests.test_slack_webhook_resolution.TestResolveEmailBranch" name="test_resolve_email_ticket_sends_mock_email" time="0.130" /><testcase classname="tests.test_slack_webhook_resolution.TestResolveEmailBranch" name="test_resolve_slack_ticket_posts_to_thread" time="0.303" /></testsuite></testsuites>