<?xml version="1.0" encoding="utf-8"?><testsuites name="pytest tests"><testsuite name="pytest" errors="0" failures="0" skipped="0" tests="15" time="4.434" timestamp="2026-05-15T11:14:25.229221+00:00" hostname="agent-env-8aee89ff-fab1-4672-9310-3aa14c8accf8"><testcase classname="tests.test_opsflow_changes.TestHealth" name="test_health" time="0.005" /><testcase classname="tests.test_opsflow_changes.TestHealth" name="test_get_tickets_list" time="0.010" /><testcase classname="tests.test_opsflow_changes.TestResolveReopen" name="test_resolve_sets_status_and_tat" time="0.088" /><testcase classname="tests.test_opsflow_changes.TestResolveReopen" name="test_reopen_resolved_ticket" time="0.045" /><testcase classname="tests.test_opsflow_changes.TestResolveReopen" name="test_reopen_non_resolved_only_adds_comment" time="0.129" /><testcase classname="tests.test_opsflow_changes.TestEmailFilters" name="test_filter_module" time="0.001" /><testcase classname="tests.test_opsflow_changes.TestAnalyticsExclusion" name="test_summary_excludes_internal" time="0.048" /><testcase classname="tests.test_opsflow_changes.TestAnalyticsExclusion" name="test_brand_freq_excludes_internal" time="0.043" /><testcase classname="tests.test_opsflow_changes.TestAnalyticsExclusion" name="test_issues_by_client_excludes_internal" time="0.045" /><testcase classname="tests.test_opsflow_changes.TestAnalyticsExclusion" name="test_tat_by_client_excludes_internal" time="0.043" /><testcase classname="tests.test_opsflow_changes.TestAnalyticsExclusion" name="test_period_filters" time="0.191" /><testcase classname="tests.test_opsflow_changes.TestIssueClassification" name="test_classifier" time="0.061" /><testcase classname="tests.test_opsflow_changes.TestDisplayMessage" name="test_display_message_present_and_clean" time="0.010" /><testcase classname="tests.test_opsflow_changes.TestDisplayMessage" name="test_display_message_unit" time="0.001" /><testcase classname="tests.test_opsflow_changes.TestWebSocket" name="test_ws_connect_and_broadcast" time="3.647" /></testsuite></testsuites>